{
  "RSpec": {
    "coverage": {
      "/Users/chriscerami/Dropbox/scene_hub_v2/app/models/user.rb": [
        1,
        null,
        null,
        1,
        null,
        null,
        null,
        1,
        1,
        1,
        null,
        1,
        44,
        null,
        null
      ],
      "/Users/chriscerami/Dropbox/scene_hub_v2/app/helpers/application_helper.rb": [
        1,
        null
      ],
      "/Users/chriscerami/Dropbox/scene_hub_v2/app/controllers/users_controller.rb": [
        1,
        1,
        8,
        null,
        null
      ],
      "/Users/chriscerami/Dropbox/scene_hub_v2/app/controllers/application_controller.rb": [
        1,
        null,
        null,
        1,
        null
      ],
      "/Users/chriscerami/Dropbox/scene_hub_v2/app/models/band.rb": [
        1,
        1,
        1,
        null,
        1,
        null,
        1,
        null,
        1,
        null,
        1,
        null,
        1,
        null,
        1,
        2,
        null,
        null
      ],
      "/Users/chriscerami/Dropbox/scene_hub_v2/app/models/rsvp.rb": [
        1,
        1,
        1,
        null,
        1,
        1,
        null
      ],
      "/Users/chriscerami/Dropbox/scene_hub_v2/app/controllers/bands_controller.rb": [
        1,
        1,
        null,
        1,
        27,
        27,
        27,
        null,
        null,
        1,
        4,
        4,
        null,
        null,
        1,
        4,
        4,
        4,
        3,
        3,
        1,
        1,
        null,
        2,
        2,
        null,
        null,
        1,
        1,
        null,
        null,
        null,
        1,
        3,
        3,
        null,
        null,
        1,
        3,
        3,
        3,
        2,
        1,
        1,
        null,
        1,
        null,
        null,
        1,
        null,
        null,
        null,
        1,
        1,
        1,
        1,
        1,
        null,
        0,
        null,
        null,
        null,
        1,
        null,
        1,
        7,
        7,
        7,
        null,
        null,
        1,
        6,
        13,
        6,
        6,
        6,
        6,
        null,
        null
      ],
      "/Users/chriscerami/Dropbox/scene_hub_v2/app/models/genre_list.rb": [
        1,
        1,
        null,
        1,
        1,
        1,
        null
      ],
      "/Users/chriscerami/Dropbox/scene_hub_v2/app/models/band_post.rb": [
        1,
        1,
        null,
        1,
        1,
        null,
        1,
        0,
        null,
        null,
        1,
        0,
        null,
        null
      ],
      "/Users/chriscerami/Dropbox/scene_hub_v2/app/models/photo.rb": [
        1,
        1,
        null,
        1,
        null,
        null,
        null,
        1,
        1,
        1,
        1,
        1,
        1,
        null
      ],
      "/Users/chriscerami/Dropbox/scene_hub_v2/app/controllers/band_posts_controller.rb": [
        1,
        1,
        null,
        1,
        null,
        null,
        1,
        3,
        3,
        3,
        0,
        0,
        null,
        3,
        2,
        2,
        null,
        1,
        null,
        null,
        null,
        1,
        2,
        2,
        null,
        null,
        1,
        2,
        2,
        2,
        0,
        0,
        null,
        2,
        1,
        1,
        null,
        1,
        null,
        null,
        null,
        1,
        1,
        1,
        1,
        0,
        0,
        null,
        1,
        1,
        1,
        null,
        0,
        null,
        null,
        null,
        1,
        null,
        1,
        5,
        5,
        5,
        null,
        null,
        1,
        6,
        6,
        null,
        null
      ],
      "/Users/chriscerami/Dropbox/scene_hub_v2/app/models/show.rb": [
        1,
        1,
        null,
        1,
        1,
        1,
        null,
        1,
        null,
        1,
        null,
        1,
        null,
        1,
        null,
        1,
        35,
        null,
        null
      ],
      "/Users/chriscerami/Dropbox/scene_hub_v2/app/models/venue.rb": [
        1,
        1,
        null,
        1,
        1,
        1,
        1,
        1,
        null,
        1,
        null,
        1,
        22,
        null,
        null
      ],
      "/Users/chriscerami/Dropbox/scene_hub_v2/app/models/gig.rb": [
        1,
        1,
        1,
        null
      ],
      "/Users/chriscerami/Dropbox/scene_hub_v2/app/models/comment.rb": [
        1,
        1,
        1,
        null,
        1,
        1,
        1,
        null,
        1,
        21,
        null,
        null,
        1,
        0,
        null,
        null
      ],
      "/Users/chriscerami/Dropbox/scene_hub_v2/app/controllers/shows_controller.rb": [
        1,
        1,
        null,
        1,
        null,
        1,
        9,
        9,
        9,
        9,
        9,
        null,
        3,
        3,
        null,
        3,
        null,
        null,
        6,
        null,
        null,
        null,
        1,
        22,
        22,
        22,
        null,
        null,
        1,
        2,
        2,
        2,
        null,
        null,
        1,
        2,
        2,
        2,
        1,
        1,
        1,
        1,
        null,
        1,
        null,
        null,
        null,
        1,
        2,
        2,
        2,
        2,
        0,
        0,
        null,
        null,
        null,
        1,
        2,
        2,
        0,
        0,
        null,
        2,
        2,
        2,
        2,
        2,
        2,
        1,
        1,
        null,
        1,
        null,
        null,
        null,
        1,
        1,
        1,
        0,
        null,
        1,
        1,
        null,
        0,
        null,
        null,
        1,
        null,
        1,
        4,
        4,
        4,
        null,
        null,
        1,
        4,
        null,
        4,
        4,
        4,
        3,
        3,
        null,
        4,
        null,
        null,
        1,
        5,
        null,
        null
      ],
      "/Users/chriscerami/Dropbox/scene_hub_v2/app/controllers/comments_controller.rb": [
        1,
        1,
        null,
        1,
        null,
        null,
        1,
        2,
        2,
        2,
        1,
        1,
        null,
        1,
        null,
        null,
        null,
        1,
        2,
        2,
        2,
        0,
        0,
        null,
        null,
        null,
        1,
        2,
        2,
        2,
        0,
        0,
        null,
        2,
        1,
        1,
        null,
        1,
        null,
        null,
        null,
        1,
        1,
        1,
        1,
        0,
        0,
        null,
        1,
        1,
        1,
        null,
        0,
        null,
        null,
        null,
        1,
        null,
        1,
        4,
        4,
        4,
        4,
        null,
        null,
        1,
        5,
        5,
        null,
        null
      ],
      "/Users/chriscerami/Dropbox/scene_hub_v2/app/controllers/photos_controller.rb": [
        1,
        1,
        null,
        1,
        3,
        3,
        3,
        0,
        0,
        null,
        null,
        null,
        1,
        3,
        3,
        0,
        0,
        null,
        3,
        3,
        1,
        1,
        null,
        2,
        null,
        null,
        null,
        1,
        1,
        1,
        1,
        0,
        0,
        null,
        1,
        1,
        1,
        null,
        0,
        null,
        null,
        null,
        1,
        null,
        1,
        2,
        null,
        null,
        1,
        7,
        null,
        null
      ],
      "/Users/chriscerami/Dropbox/scene_hub_v2/app/controllers/rsvps_controller.rb": [
        1,
        1,
        4,
        4,
        4,
        4,
        4,
        null,
        0,
        null,
        null,
        null,
        1,
        1,
        1,
        1,
        1,
        1,
        null,
        0,
        null,
        null,
        null
      ]
    },
    "timestamp": 1420592550
  }
}
